CRITICAL - 2024-03-13 04:25:26 --> Error: Class "App\Controllers\UserModel" not found
in APPPATH\Controllers\Login.php on line 24.
 1 SYSTEMPATH\CodeIgniter.php(941): App\Controllers\Login->authenticate()
 2 SYSTEMPATH\CodeIgniter.php(502): CodeIgniter\CodeIgniter->runController(Object(App\Controllers\Login))
 3 SYSTEMPATH\CodeIgniter.php(361): CodeIgniter\CodeIgniter->handleRequest(null, Object(Config\Cache), false)
 4 FCPATH\index.php(79): CodeIgniter\CodeIgniter->run()
 5 SYSTEMPATH\Commands\Server\rewrite.php(47): require_once('C:\\xampp\\htdocs\\codeigniteruserapi\\public\\index.php')
CRITICAL - 2024-03-13 04:27:11 --> ErrorException: Undefined array key "auth"
in SYSTEMPATH\Filters\Filters.php on line 555.
 1 SYSTEMPATH\Filters\Filters.php(555): CodeIgniter\Debug\Exceptions->errorHandler(2, 'Undefined array key "auth"', 'C:\\xampp\\htdocs\\codeigniteruserapi\\system\\Filters\\Filters.php', 555)
 2 SYSTEMPATH\Filters\Filters.php(516): CodeIgniter\Filters\Filters->registerArguments('auth', [])
 3 SYSTEMPATH\Filters\Filters.php(250): CodeIgniter\Filters\Filters->processFilters('dashboard')
 4 SYSTEMPATH\Filters\Filters.php(172): CodeIgniter\Filters\Filters->initialize('dashboard')
 5 SYSTEMPATH\CodeIgniter.php(474): CodeIgniter\Filters\Filters->run('dashboard', 'before')
 6 SYSTEMPATH\CodeIgniter.php(361): CodeIgniter\CodeIgniter->handleRequest(null, Object(Config\Cache), false)
 7 FCPATH\index.php(79): CodeIgniter\CodeIgniter->run()
 8 SYSTEMPATH\Commands\Server\rewrite.php(47): require_once('C:\\xampp\\htdocs\\codeigniteruserapi\\public\\index.php')
CRITICAL - 2024-03-13 04:37:07 --> ErrorException: Undefined array key "auth"
in SYSTEMPATH\Filters\Filters.php on line 555.
 1 SYSTEMPATH\Filters\Filters.php(555): CodeIgniter\Debug\Exceptions->errorHandler(2, 'Undefined array key "auth"', 'C:\\xampp\\htdocs\\codeigniteruserapi\\system\\Filters\\Filters.php', 555)
 2 SYSTEMPATH\Filters\Filters.php(516): CodeIgniter\Filters\Filters->registerArguments('auth', [])
 3 SYSTEMPATH\Filters\Filters.php(250): CodeIgniter\Filters\Filters->processFilters('dashboard')
 4 SYSTEMPATH\Filters\Filters.php(172): CodeIgniter\Filters\Filters->initialize('dashboard')
 5 SYSTEMPATH\CodeIgniter.php(474): CodeIgniter\Filters\Filters->run('dashboard', 'before')
 6 SYSTEMPATH\CodeIgniter.php(361): CodeIgniter\CodeIgniter->handleRequest(null, Object(Config\Cache), false)
 7 FCPATH\index.php(79): CodeIgniter\CodeIgniter->run()
 8 SYSTEMPATH\Commands\Server\rewrite.php(47): require_once('C:\\xampp\\htdocs\\codeigniteruserapi\\public\\index.php')
CRITICAL - 2024-03-13 04:52:33 --> Error: Class "CodeIgniter\Controller" not found
in APPPATH\Controllers\BaseController.php on line 7.
 1 SYSTEMPATH\Autoloader\Autoloader.php(309): include_once()
 2 SYSTEMPATH\Autoloader\Autoloader.php(288): CodeIgniter\Autoloader\Autoloader->includeFile('C:\\xampp\\htdocs\\codeigniteruserapi\\app\\Controllers\\BaseController.php')
 3 SYSTEMPATH\Autoloader\Autoloader.php(266): CodeIgniter\Autoloader\Autoloader->loadInNamespace('App\\Controllers\\BaseController')
 4 APPPATH\Controllers\Dashboard.php(7): CodeIgniter\Autoloader\Autoloader->loadClass('App\\Controllers\\BaseController')
 5 SYSTEMPATH\Autoloader\Autoloader.php(309): include_once('C:\\xampp\\htdocs\\codeigniteruserapi\\app\\Controllers\\Dashboard.php')
 6 SYSTEMPATH\Autoloader\Autoloader.php(288): CodeIgniter\Autoloader\Autoloader->includeFile('C:\\xampp\\htdocs\\codeigniteruserapi\\app\\Controllers\\Dashboard.php')
 7 SYSTEMPATH\Autoloader\Autoloader.php(266): CodeIgniter\Autoloader\Autoloader->loadInNamespace('App\\Controllers\\Dashboard')
 8 [internal function]: CodeIgniter\Autoloader\Autoloader->loadClass('App\\Controllers\\Dashboard')
 9 SYSTEMPATH\CodeIgniter.php(899): class_exists('\\App\\Controllers\\Dashboard', true)
10 SYSTEMPATH\CodeIgniter.php(489): CodeIgniter\CodeIgniter->startController()
11 SYSTEMPATH\CodeIgniter.php(361): CodeIgniter\CodeIgniter->handleRequest(null, Object(Config\Cache), false)
12 FCPATH\index.php(79): CodeIgniter\CodeIgniter->run()
13 SYSTEMPATH\Commands\Server\rewrite.php(47): require_once('C:\\xampp\\htdocs\\codeigniteruserapi\\public\\index.php')
CRITICAL - 2024-03-13 04:52:39 --> Error: Class "CodeIgniter\Controller" not found
in APPPATH\Controllers\BaseController.php on line 7.
 1 SYSTEMPATH\Autoloader\Autoloader.php(309): include_once()
 2 SYSTEMPATH\Autoloader\Autoloader.php(288): CodeIgniter\Autoloader\Autoloader->includeFile('C:\\xampp\\htdocs\\codeigniteruserapi\\app\\Controllers\\BaseController.php')
 3 SYSTEMPATH\Autoloader\Autoloader.php(266): CodeIgniter\Autoloader\Autoloader->loadInNamespace('App\\Controllers\\BaseController')
 4 APPPATH\Controllers\Dashboard.php(7): CodeIgniter\Autoloader\Autoloader->loadClass('App\\Controllers\\BaseController')
 5 SYSTEMPATH\Autoloader\Autoloader.php(309): include_once('C:\\xampp\\htdocs\\codeigniteruserapi\\app\\Controllers\\Dashboard.php')
 6 SYSTEMPATH\Autoloader\Autoloader.php(288): CodeIgniter\Autoloader\Autoloader->includeFile('C:\\xampp\\htdocs\\codeigniteruserapi\\app\\Controllers\\Dashboard.php')
 7 SYSTEMPATH\Autoloader\Autoloader.php(266): CodeIgniter\Autoloader\Autoloader->loadInNamespace('App\\Controllers\\Dashboard')
 8 [internal function]: CodeIgniter\Autoloader\Autoloader->loadClass('App\\Controllers\\Dashboard')
 9 SYSTEMPATH\CodeIgniter.php(899): class_exists('\\App\\Controllers\\Dashboard', true)
10 SYSTEMPATH\CodeIgniter.php(489): CodeIgniter\CodeIgniter->startController()
11 SYSTEMPATH\CodeIgniter.php(361): CodeIgniter\CodeIgniter->handleRequest(null, Object(Config\Cache), false)
12 FCPATH\index.php(79): CodeIgniter\CodeIgniter->run()
13 SYSTEMPATH\Commands\Server\rewrite.php(47): require_once('C:\\xampp\\htdocs\\codeigniteruserapi\\public\\index.php')
CRITICAL - 2024-03-13 04:53:58 --> Error: Class "CodeIgniter\Controller" not found
in APPPATH\Controllers\BaseController.php on line 7.
 1 SYSTEMPATH\Autoloader\Autoloader.php(309): include_once()
 2 SYSTEMPATH\Autoloader\Autoloader.php(288): CodeIgniter\Autoloader\Autoloader->includeFile('C:\\xampp\\htdocs\\codeigniteruserapi\\app\\Controllers\\BaseController.php')
 3 SYSTEMPATH\Autoloader\Autoloader.php(266): CodeIgniter\Autoloader\Autoloader->loadInNamespace('App\\Controllers\\BaseController')
 4 APPPATH\Controllers\Dashboard.php(8): CodeIgniter\Autoloader\Autoloader->loadClass('App\\Controllers\\BaseController')
 5 SYSTEMPATH\Autoloader\Autoloader.php(309): include_once('C:\\xampp\\htdocs\\codeigniteruserapi\\app\\Controllers\\Dashboard.php')
 6 SYSTEMPATH\Autoloader\Autoloader.php(288): CodeIgniter\Autoloader\Autoloader->includeFile('C:\\xampp\\htdocs\\codeigniteruserapi\\app\\Controllers\\Dashboard.php')
 7 SYSTEMPATH\Autoloader\Autoloader.php(266): CodeIgniter\Autoloader\Autoloader->loadInNamespace('App\\Controllers\\Dashboard')
 8 [internal function]: CodeIgniter\Autoloader\Autoloader->loadClass('App\\Controllers\\Dashboard')
 9 SYSTEMPATH\CodeIgniter.php(899): class_exists('\\App\\Controllers\\Dashboard', true)
10 SYSTEMPATH\CodeIgniter.php(489): CodeIgniter\CodeIgniter->startController()
11 SYSTEMPATH\CodeIgniter.php(361): CodeIgniter\CodeIgniter->handleRequest(null, Object(Config\Cache), false)
12 FCPATH\index.php(79): CodeIgniter\CodeIgniter->run()
13 SYSTEMPATH\Commands\Server\rewrite.php(47): require_once('C:\\xampp\\htdocs\\codeigniteruserapi\\public\\index.php')
CRITICAL - 2024-03-13 04:54:29 --> Error: Class "CodeIgniter\Controller" not found
in APPPATH\Controllers\BaseController.php on line 7.
 1 SYSTEMPATH\Autoloader\Autoloader.php(309): include_once()
 2 SYSTEMPATH\Autoloader\Autoloader.php(288): CodeIgniter\Autoloader\Autoloader->includeFile('C:\\xampp\\htdocs\\codeigniteruserapi\\app\\Controllers\\BaseController.php')
 3 SYSTEMPATH\Autoloader\Autoloader.php(266): CodeIgniter\Autoloader\Autoloader->loadInNamespace('App\\Controllers\\BaseController')
 4 APPPATH\Controllers\Dashboard.php(9): CodeIgniter\Autoloader\Autoloader->loadClass('App\\Controllers\\BaseController')
 5 SYSTEMPATH\Autoloader\Autoloader.php(309): include_once('C:\\xampp\\htdocs\\codeigniteruserapi\\app\\Controllers\\Dashboard.php')
 6 SYSTEMPATH\Autoloader\Autoloader.php(288): CodeIgniter\Autoloader\Autoloader->includeFile('C:\\xampp\\htdocs\\codeigniteruserapi\\app\\Controllers\\Dashboard.php')
 7 SYSTEMPATH\Autoloader\Autoloader.php(266): CodeIgniter\Autoloader\Autoloader->loadInNamespace('App\\Controllers\\Dashboard')
 8 [internal function]: CodeIgniter\Autoloader\Autoloader->loadClass('App\\Controllers\\Dashboard')
 9 SYSTEMPATH\CodeIgniter.php(899): class_exists('\\App\\Controllers\\Dashboard', true)
10 SYSTEMPATH\CodeIgniter.php(489): CodeIgniter\CodeIgniter->startController()
11 SYSTEMPATH\CodeIgniter.php(361): CodeIgniter\CodeIgniter->handleRequest(null, Object(Config\Cache), false)
12 FCPATH\index.php(79): CodeIgniter\CodeIgniter->run()
13 SYSTEMPATH\Commands\Server\rewrite.php(47): require_once('C:\\xampp\\htdocs\\codeigniteruserapi\\public\\index.php')
CRITICAL - 2024-03-13 04:55:27 --> Error: Class "CodeIgniter\Controller" not found
in APPPATH\Controllers\BaseController.php on line 7.
 1 SYSTEMPATH\Autoloader\Autoloader.php(309): include_once()
 2 SYSTEMPATH\Autoloader\Autoloader.php(288): CodeIgniter\Autoloader\Autoloader->includeFile('C:\\xampp\\htdocs\\codeigniteruserapi\\app\\Controllers\\BaseController.php')
 3 SYSTEMPATH\Autoloader\Autoloader.php(266): CodeIgniter\Autoloader\Autoloader->loadInNamespace('App\\Controllers\\BaseController')
 4 APPPATH\Controllers\Dashboard.php(7): CodeIgniter\Autoloader\Autoloader->loadClass('App\\Controllers\\BaseController')
 5 SYSTEMPATH\Autoloader\Autoloader.php(309): include_once('C:\\xampp\\htdocs\\codeigniteruserapi\\app\\Controllers\\Dashboard.php')
 6 SYSTEMPATH\Autoloader\Autoloader.php(288): CodeIgniter\Autoloader\Autoloader->includeFile('C:\\xampp\\htdocs\\codeigniteruserapi\\app\\Controllers\\Dashboard.php')
 7 SYSTEMPATH\Autoloader\Autoloader.php(266): CodeIgniter\Autoloader\Autoloader->loadInNamespace('App\\Controllers\\Dashboard')
 8 [internal function]: CodeIgniter\Autoloader\Autoloader->loadClass('App\\Controllers\\Dashboard')
 9 SYSTEMPATH\CodeIgniter.php(899): class_exists('\\App\\Controllers\\Dashboard', true)
10 SYSTEMPATH\CodeIgniter.php(489): CodeIgniter\CodeIgniter->startController()
11 SYSTEMPATH\CodeIgniter.php(361): CodeIgniter\CodeIgniter->handleRequest(null, Object(Config\Cache), false)
12 FCPATH\index.php(79): CodeIgniter\CodeIgniter->run()
13 SYSTEMPATH\Commands\Server\rewrite.php(47): require_once('C:\\xampp\\htdocs\\codeigniteruserapi\\public\\index.php')
CRITICAL - 2024-03-13 04:56:28 --> ErrorException: Cannot use CodeIgniter\Controller as Controller because the name is already in use
in APPPATH\Controllers\BaseController.php on line 6.
 1 [internal function]: CodeIgniter\Debug\Exceptions->shutdownHandler()
CRITICAL - 2024-03-13 04:57:29 --> Error: Class "CodeIgniter\Controller" not found
in APPPATH\Controllers\BaseController.php on line 7.
 1 SYSTEMPATH\Autoloader\Autoloader.php(309): include_once()
 2 SYSTEMPATH\Autoloader\Autoloader.php(288): CodeIgniter\Autoloader\Autoloader->includeFile('C:\\xampp\\htdocs\\codeigniteruserapi\\app\\Controllers\\BaseController.php')
 3 SYSTEMPATH\Autoloader\Autoloader.php(266): CodeIgniter\Autoloader\Autoloader->loadInNamespace('App\\Controllers\\BaseController')
 4 APPPATH\Controllers\Dashboard.php(7): CodeIgniter\Autoloader\Autoloader->loadClass('App\\Controllers\\BaseController')
 5 SYSTEMPATH\Autoloader\Autoloader.php(309): include_once('C:\\xampp\\htdocs\\codeigniteruserapi\\app\\Controllers\\Dashboard.php')
 6 SYSTEMPATH\Autoloader\Autoloader.php(288): CodeIgniter\Autoloader\Autoloader->includeFile('C:\\xampp\\htdocs\\codeigniteruserapi\\app\\Controllers\\Dashboard.php')
 7 SYSTEMPATH\Autoloader\Autoloader.php(266): CodeIgniter\Autoloader\Autoloader->loadInNamespace('App\\Controllers\\Dashboard')
 8 [internal function]: CodeIgniter\Autoloader\Autoloader->loadClass('App\\Controllers\\Dashboard')
 9 SYSTEMPATH\CodeIgniter.php(899): class_exists('\\App\\Controllers\\Dashboard', true)
10 SYSTEMPATH\CodeIgniter.php(489): CodeIgniter\CodeIgniter->startController()
11 SYSTEMPATH\CodeIgniter.php(361): CodeIgniter\CodeIgniter->handleRequest(null, Object(Config\Cache), false)
12 FCPATH\index.php(79): CodeIgniter\CodeIgniter->run()
13 SYSTEMPATH\Commands\Server\rewrite.php(47): require_once('C:\\xampp\\htdocs\\codeigniteruserapi\\public\\index.php')
CRITICAL - 2024-03-13 04:59:19 --> Error: Class "CodeIgniter\Controller" not found
in APPPATH\Controllers\BaseController.php on line 8.
 1 SYSTEMPATH\Autoloader\Autoloader.php(309): include_once()
 2 SYSTEMPATH\Autoloader\Autoloader.php(288): CodeIgniter\Autoloader\Autoloader->includeFile('C:\\xampp\\htdocs\\codeigniteruserapi\\app\\Controllers\\BaseController.php')
 3 SYSTEMPATH\Autoloader\Autoloader.php(266): CodeIgniter\Autoloader\Autoloader->loadInNamespace('App\\Controllers\\BaseController')
 4 APPPATH\Controllers\Dashboard.php(7): CodeIgniter\Autoloader\Autoloader->loadClass('App\\Controllers\\BaseController')
 5 SYSTEMPATH\Autoloader\Autoloader.php(309): include_once('C:\\xampp\\htdocs\\codeigniteruserapi\\app\\Controllers\\Dashboard.php')
 6 SYSTEMPATH\Autoloader\Autoloader.php(288): CodeIgniter\Autoloader\Autoloader->includeFile('C:\\xampp\\htdocs\\codeigniteruserapi\\app\\Controllers\\Dashboard.php')
 7 SYSTEMPATH\Autoloader\Autoloader.php(266): CodeIgniter\Autoloader\Autoloader->loadInNamespace('App\\Controllers\\Dashboard')
 8 [internal function]: CodeIgniter\Autoloader\Autoloader->loadClass('App\\Controllers\\Dashboard')
 9 SYSTEMPATH\CodeIgniter.php(899): class_exists('\\App\\Controllers\\Dashboard', true)
10 SYSTEMPATH\CodeIgniter.php(489): CodeIgniter\CodeIgniter->startController()
11 SYSTEMPATH\CodeIgniter.php(361): CodeIgniter\CodeIgniter->handleRequest(null, Object(Config\Cache), false)
12 FCPATH\index.php(79): CodeIgniter\CodeIgniter->run()
13 SYSTEMPATH\Commands\Server\rewrite.php(47): require_once('C:\\xampp\\htdocs\\codeigniteruserapi\\public\\index.php')
CRITICAL - 2024-03-13 05:01:55 --> Error: Class "CodeIgniter\Controller" not found
in APPPATH\Controllers\BaseController.php on line 7.
 1 SYSTEMPATH\Autoloader\Autoloader.php(309): include_once()
 2 SYSTEMPATH\Autoloader\Autoloader.php(288): CodeIgniter\Autoloader\Autoloader->includeFile('C:\\xampp\\htdocs\\codeigniteruserapi\\app\\Controllers\\BaseController.php')
 3 SYSTEMPATH\Autoloader\Autoloader.php(266): CodeIgniter\Autoloader\Autoloader->loadInNamespace('App\\Controllers\\BaseController')
 4 APPPATH\Controllers\Dashboard.php(7): CodeIgniter\Autoloader\Autoloader->loadClass('App\\Controllers\\BaseController')
 5 SYSTEMPATH\Autoloader\Autoloader.php(309): include_once('C:\\xampp\\htdocs\\codeigniteruserapi\\app\\Controllers\\Dashboard.php')
 6 SYSTEMPATH\Autoloader\Autoloader.php(288): CodeIgniter\Autoloader\Autoloader->includeFile('C:\\xampp\\htdocs\\codeigniteruserapi\\app\\Controllers\\Dashboard.php')
 7 SYSTEMPATH\Autoloader\Autoloader.php(266): CodeIgniter\Autoloader\Autoloader->loadInNamespace('App\\Controllers\\Dashboard')
 8 [internal function]: CodeIgniter\Autoloader\Autoloader->loadClass('App\\Controllers\\Dashboard')
 9 SYSTEMPATH\CodeIgniter.php(899): class_exists('\\App\\Controllers\\Dashboard', true)
10 SYSTEMPATH\CodeIgniter.php(489): CodeIgniter\CodeIgniter->startController()
11 SYSTEMPATH\CodeIgniter.php(361): CodeIgniter\CodeIgniter->handleRequest(null, Object(Config\Cache), false)
12 FCPATH\index.php(79): CodeIgniter\CodeIgniter->run()
13 SYSTEMPATH\Commands\Server\rewrite.php(47): require_once('C:\\xampp\\htdocs\\codeigniteruserapi\\public\\index.php')
CRITICAL - 2024-03-13 05:01:59 --> Error: Class "CodeIgniter\Controller" not found
in APPPATH\Controllers\BaseController.php on line 7.
 1 SYSTEMPATH\Autoloader\Autoloader.php(309): include_once()
 2 SYSTEMPATH\Autoloader\Autoloader.php(288): CodeIgniter\Autoloader\Autoloader->includeFile('C:\\xampp\\htdocs\\codeigniteruserapi\\app\\Controllers\\BaseController.php')
 3 SYSTEMPATH\Autoloader\Autoloader.php(266): CodeIgniter\Autoloader\Autoloader->loadInNamespace('App\\Controllers\\BaseController')
 4 APPPATH\Controllers\Dashboard.php(7): CodeIgniter\Autoloader\Autoloader->loadClass('App\\Controllers\\BaseController')
 5 SYSTEMPATH\Autoloader\Autoloader.php(309): include_once('C:\\xampp\\htdocs\\codeigniteruserapi\\app\\Controllers\\Dashboard.php')
 6 SYSTEMPATH\Autoloader\Autoloader.php(288): CodeIgniter\Autoloader\Autoloader->includeFile('C:\\xampp\\htdocs\\codeigniteruserapi\\app\\Controllers\\Dashboard.php')
 7 SYSTEMPATH\Autoloader\Autoloader.php(266): CodeIgniter\Autoloader\Autoloader->loadInNamespace('App\\Controllers\\Dashboard')
 8 [internal function]: CodeIgniter\Autoloader\Autoloader->loadClass('App\\Controllers\\Dashboard')
 9 SYSTEMPATH\CodeIgniter.php(899): class_exists('\\App\\Controllers\\Dashboard', true)
10 SYSTEMPATH\CodeIgniter.php(489): CodeIgniter\CodeIgniter->startController()
11 SYSTEMPATH\CodeIgniter.php(361): CodeIgniter\CodeIgniter->handleRequest(null, Object(Config\Cache), false)
12 FCPATH\index.php(79): CodeIgniter\CodeIgniter->run()
13 SYSTEMPATH\Commands\Server\rewrite.php(47): require_once('C:\\xampp\\htdocs\\codeigniteruserapi\\public\\index.php')
CRITICAL - 2024-03-13 05:02:01 --> Error: Class "CodeIgniter\Controller" not found
in APPPATH\Controllers\BaseController.php on line 7.
 1 SYSTEMPATH\Autoloader\Autoloader.php(309): include_once()
 2 SYSTEMPATH\Autoloader\Autoloader.php(288): CodeIgniter\Autoloader\Autoloader->includeFile('C:\\xampp\\htdocs\\codeigniteruserapi\\app\\Controllers\\BaseController.php')
 3 SYSTEMPATH\Autoloader\Autoloader.php(266): CodeIgniter\Autoloader\Autoloader->loadInNamespace('App\\Controllers\\BaseController')
 4 APPPATH\Controllers\Dashboard.php(7): CodeIgniter\Autoloader\Autoloader->loadClass('App\\Controllers\\BaseController')
 5 SYSTEMPATH\Autoloader\Autoloader.php(309): include_once('C:\\xampp\\htdocs\\codeigniteruserapi\\app\\Controllers\\Dashboard.php')
 6 SYSTEMPATH\Autoloader\Autoloader.php(288): CodeIgniter\Autoloader\Autoloader->includeFile('C:\\xampp\\htdocs\\codeigniteruserapi\\app\\Controllers\\Dashboard.php')
 7 SYSTEMPATH\Autoloader\Autoloader.php(266): CodeIgniter\Autoloader\Autoloader->loadInNamespace('App\\Controllers\\Dashboard')
 8 [internal function]: CodeIgniter\Autoloader\Autoloader->loadClass('App\\Controllers\\Dashboard')
 9 SYSTEMPATH\CodeIgniter.php(899): class_exists('\\App\\Controllers\\Dashboard', true)
10 SYSTEMPATH\CodeIgniter.php(489): CodeIgniter\CodeIgniter->startController()
11 SYSTEMPATH\CodeIgniter.php(361): CodeIgniter\CodeIgniter->handleRequest(null, Object(Config\Cache), false)
12 FCPATH\index.php(79): CodeIgniter\CodeIgniter->run()
13 SYSTEMPATH\Commands\Server\rewrite.php(47): require_once('C:\\xampp\\htdocs\\codeigniteruserapi\\public\\index.php')
CRITICAL - 2024-03-13 05:05:27 --> Error: Class "CodeIgniter\Controller" not found
in APPPATH\Controllers\BaseController.php on line 7.
 1 SYSTEMPATH\Autoloader\Autoloader.php(309): include_once()
 2 SYSTEMPATH\Autoloader\Autoloader.php(288): CodeIgniter\Autoloader\Autoloader->includeFile('C:\\xampp\\htdocs\\codeigniteruserapi\\app\\Controllers\\BaseController.php')
 3 SYSTEMPATH\Autoloader\Autoloader.php(266): CodeIgniter\Autoloader\Autoloader->loadInNamespace('App\\Controllers\\BaseController')
 4 APPPATH\Controllers\Dashboard.php(7): CodeIgniter\Autoloader\Autoloader->loadClass('App\\Controllers\\BaseController')
 5 SYSTEMPATH\Autoloader\Autoloader.php(309): include_once('C:\\xampp\\htdocs\\codeigniteruserapi\\app\\Controllers\\Dashboard.php')
 6 SYSTEMPATH\Autoloader\Autoloader.php(288): CodeIgniter\Autoloader\Autoloader->includeFile('C:\\xampp\\htdocs\\codeigniteruserapi\\app\\Controllers\\Dashboard.php')
 7 SYSTEMPATH\Autoloader\Autoloader.php(266): CodeIgniter\Autoloader\Autoloader->loadInNamespace('App\\Controllers\\Dashboard')
 8 [internal function]: CodeIgniter\Autoloader\Autoloader->loadClass('App\\Controllers\\Dashboard')
 9 SYSTEMPATH\CodeIgniter.php(899): class_exists('\\App\\Controllers\\Dashboard', true)
10 SYSTEMPATH\CodeIgniter.php(489): CodeIgniter\CodeIgniter->startController()
11 SYSTEMPATH\CodeIgniter.php(361): CodeIgniter\CodeIgniter->handleRequest(null, Object(Config\Cache), false)
12 FCPATH\index.php(79): CodeIgniter\CodeIgniter->run()
13 SYSTEMPATH\Commands\Server\rewrite.php(47): require_once('C:\\xampp\\htdocs\\codeigniteruserapi\\public\\index.php')
CRITICAL - 2024-03-13 05:07:06 --> Error: Class "CodeIgniter\Controller" not found
in APPPATH\Controllers\BaseController.php on line 8.
 1 SYSTEMPATH\Autoloader\Autoloader.php(309): include_once()
 2 SYSTEMPATH\Autoloader\Autoloader.php(288): CodeIgniter\Autoloader\Autoloader->includeFile('C:\\xampp\\htdocs\\codeigniteruserapi\\app\\Controllers\\BaseController.php')
 3 SYSTEMPATH\Autoloader\Autoloader.php(266): CodeIgniter\Autoloader\Autoloader->loadInNamespace('App\\Controllers\\BaseController')
 4 APPPATH\Controllers\Dashboard.php(7): CodeIgniter\Autoloader\Autoloader->loadClass('App\\Controllers\\BaseController')
 5 SYSTEMPATH\Autoloader\Autoloader.php(309): include_once('C:\\xampp\\htdocs\\codeigniteruserapi\\app\\Controllers\\Dashboard.php')
 6 SYSTEMPATH\Autoloader\Autoloader.php(288): CodeIgniter\Autoloader\Autoloader->includeFile('C:\\xampp\\htdocs\\codeigniteruserapi\\app\\Controllers\\Dashboard.php')
 7 SYSTEMPATH\Autoloader\Autoloader.php(266): CodeIgniter\Autoloader\Autoloader->loadInNamespace('App\\Controllers\\Dashboard')
 8 [internal function]: CodeIgniter\Autoloader\Autoloader->loadClass('App\\Controllers\\Dashboard')
 9 SYSTEMPATH\CodeIgniter.php(899): class_exists('\\App\\Controllers\\Dashboard', true)
10 SYSTEMPATH\CodeIgniter.php(489): CodeIgniter\CodeIgniter->startController()
11 SYSTEMPATH\CodeIgniter.php(361): CodeIgniter\CodeIgniter->handleRequest(null, Object(Config\Cache), false)
12 FCPATH\index.php(79): CodeIgniter\CodeIgniter->run()
13 SYSTEMPATH\Commands\Server\rewrite.php(47): require_once('C:\\xampp\\htdocs\\codeigniteruserapi\\public\\index.php')
CRITICAL - 2024-03-13 05:11:03 --> Error: Class "CodeIgniter\Controller" not found
in APPPATH\Controllers\BaseController.php on line 8.
 1 SYSTEMPATH\Autoloader\Autoloader.php(309): include_once()
 2 SYSTEMPATH\Autoloader\Autoloader.php(288): CodeIgniter\Autoloader\Autoloader->includeFile('C:\\xampp\\htdocs\\codeigniteruserapi\\app\\Controllers\\BaseController.php')
 3 SYSTEMPATH\Autoloader\Autoloader.php(266): CodeIgniter\Autoloader\Autoloader->loadInNamespace('App\\Controllers\\BaseController')
 4 APPPATH\Controllers\Dashboard.php(7): CodeIgniter\Autoloader\Autoloader->loadClass('App\\Controllers\\BaseController')
 5 SYSTEMPATH\Autoloader\Autoloader.php(309): include_once('C:\\xampp\\htdocs\\codeigniteruserapi\\app\\Controllers\\Dashboard.php')
 6 SYSTEMPATH\Autoloader\Autoloader.php(288): CodeIgniter\Autoloader\Autoloader->includeFile('C:\\xampp\\htdocs\\codeigniteruserapi\\app\\Controllers\\Dashboard.php')
 7 SYSTEMPATH\Autoloader\Autoloader.php(266): CodeIgniter\Autoloader\Autoloader->loadInNamespace('App\\Controllers\\Dashboard')
 8 [internal function]: CodeIgniter\Autoloader\Autoloader->loadClass('App\\Controllers\\Dashboard')
 9 SYSTEMPATH\CodeIgniter.php(899): class_exists('\\App\\Controllers\\Dashboard', true)
10 SYSTEMPATH\CodeIgniter.php(489): CodeIgniter\CodeIgniter->startController()
11 SYSTEMPATH\CodeIgniter.php(361): CodeIgniter\CodeIgniter->handleRequest(null, Object(Config\Cache), false)
12 FCPATH\index.php(79): CodeIgniter\CodeIgniter->run()
13 SYSTEMPATH\Commands\Server\rewrite.php(47): require_once('C:\\xampp\\htdocs\\codeigniteruserapi\\public\\index.php')
CRITICAL - 2024-03-13 05:13:48 --> Error: Class "CodeIgniter\Controller" not found
in APPPATH\Controllers\BaseController.php on line 8.
 1 SYSTEMPATH\Autoloader\Autoloader.php(309): include_once()
 2 SYSTEMPATH\Autoloader\Autoloader.php(288): CodeIgniter\Autoloader\Autoloader->includeFile('C:\\xampp\\htdocs\\codeigniteruserapi\\app\\Controllers\\BaseController.php')
 3 SYSTEMPATH\Autoloader\Autoloader.php(266): CodeIgniter\Autoloader\Autoloader->loadInNamespace('App\\Controllers\\BaseController')
 4 APPPATH\Controllers\Dashboard.php(7): CodeIgniter\Autoloader\Autoloader->loadClass('App\\Controllers\\BaseController')
 5 SYSTEMPATH\Autoloader\Autoloader.php(309): include_once('C:\\xampp\\htdocs\\codeigniteruserapi\\app\\Controllers\\Dashboard.php')
 6 SYSTEMPATH\Autoloader\Autoloader.php(288): CodeIgniter\Autoloader\Autoloader->includeFile('C:\\xampp\\htdocs\\codeigniteruserapi\\app\\Controllers\\Dashboard.php')
 7 SYSTEMPATH\Autoloader\Autoloader.php(266): CodeIgniter\Autoloader\Autoloader->loadInNamespace('App\\Controllers\\Dashboard')
 8 [internal function]: CodeIgniter\Autoloader\Autoloader->loadClass('App\\Controllers\\Dashboard')
 9 SYSTEMPATH\CodeIgniter.php(899): class_exists('\\App\\Controllers\\Dashboard', true)
10 SYSTEMPATH\CodeIgniter.php(489): CodeIgniter\CodeIgniter->startController()
11 SYSTEMPATH\CodeIgniter.php(361): CodeIgniter\CodeIgniter->handleRequest(null, Object(Config\Cache), false)
12 FCPATH\index.php(79): CodeIgniter\CodeIgniter->run()
13 SYSTEMPATH\Commands\Server\rewrite.php(47): require_once('C:\\xampp\\htdocs\\codeigniteruserapi\\public\\index.php')
CRITICAL - 2024-03-13 05:14:01 --> Error: Class "CodeIgniter\Controller" not found
in APPPATH\Controllers\BaseController.php on line 8.
 1 SYSTEMPATH\Autoloader\Autoloader.php(309): include_once()
 2 SYSTEMPATH\Autoloader\Autoloader.php(288): CodeIgniter\Autoloader\Autoloader->includeFile('C:\\xampp\\htdocs\\codeigniteruserapi\\app\\Controllers\\BaseController.php')
 3 SYSTEMPATH\Autoloader\Autoloader.php(266): CodeIgniter\Autoloader\Autoloader->loadInNamespace('App\\Controllers\\BaseController')
 4 APPPATH\Controllers\Dashboard.php(7): CodeIgniter\Autoloader\Autoloader->loadClass('App\\Controllers\\BaseController')
 5 SYSTEMPATH\Autoloader\Autoloader.php(309): include_once('C:\\xampp\\htdocs\\codeigniteruserapi\\app\\Controllers\\Dashboard.php')
 6 SYSTEMPATH\Autoloader\Autoloader.php(288): CodeIgniter\Autoloader\Autoloader->includeFile('C:\\xampp\\htdocs\\codeigniteruserapi\\app\\Controllers\\Dashboard.php')
 7 SYSTEMPATH\Autoloader\Autoloader.php(266): CodeIgniter\Autoloader\Autoloader->loadInNamespace('App\\Controllers\\Dashboard')
 8 [internal function]: CodeIgniter\Autoloader\Autoloader->loadClass('App\\Controllers\\Dashboard')
 9 SYSTEMPATH\CodeIgniter.php(899): class_exists('\\App\\Controllers\\Dashboard', true)
10 SYSTEMPATH\CodeIgniter.php(489): CodeIgniter\CodeIgniter->startController()
11 SYSTEMPATH\CodeIgniter.php(361): CodeIgniter\CodeIgniter->handleRequest(null, Object(Config\Cache), false)
12 FCPATH\index.php(79): CodeIgniter\CodeIgniter->run()
13 SYSTEMPATH\Commands\Server\rewrite.php(47): require_once('C:\\xampp\\htdocs\\codeigniteruserapi\\public\\index.php')
CRITICAL - 2024-03-13 05:18:41 --> Error: Class "CodeIgniter\Controller" not found
in APPPATH\Controllers\Controller.php on line 7.
 1 SYSTEMPATH\Autoloader\Autoloader.php(309): include_once()
 2 SYSTEMPATH\Autoloader\Autoloader.php(288): CodeIgniter\Autoloader\Autoloader->includeFile('C:\\xampp\\htdocs\\codeigniteruserapi\\app\\Controllers\\Controller.php')
 3 SYSTEMPATH\Autoloader\Autoloader.php(266): CodeIgniter\Autoloader\Autoloader->loadInNamespace('App\\Controllers\\Controller')
 4 APPPATH\Controllers\BaseController.php(7): CodeIgniter\Autoloader\Autoloader->loadClass('App\\Controllers\\Controller')
 5 SYSTEMPATH\Autoloader\Autoloader.php(309): include_once('C:\\xampp\\htdocs\\codeigniteruserapi\\app\\Controllers\\BaseController.php')
 6 SYSTEMPATH\Autoloader\Autoloader.php(288): CodeIgniter\Autoloader\Autoloader->includeFile('C:\\xampp\\htdocs\\codeigniteruserapi\\app\\Controllers\\BaseController.php')
 7 SYSTEMPATH\Autoloader\Autoloader.php(266): CodeIgniter\Autoloader\Autoloader->loadInNamespace('App\\Controllers\\BaseController')
 8 APPPATH\Controllers\Dashboard.php(7): CodeIgniter\Autoloader\Autoloader->loadClass('App\\Controllers\\BaseController')
 9 SYSTEMPATH\Autoloader\Autoloader.php(309): include_once('C:\\xampp\\htdocs\\codeigniteruserapi\\app\\Controllers\\Dashboard.php')
10 SYSTEMPATH\Autoloader\Autoloader.php(288): CodeIgniter\Autoloader\Autoloader->includeFile('C:\\xampp\\htdocs\\codeigniteruserapi\\app\\Controllers\\Dashboard.php')
11 SYSTEMPATH\Autoloader\Autoloader.php(266): CodeIgniter\Autoloader\Autoloader->loadInNamespace('App\\Controllers\\Dashboard')
12 [internal function]: CodeIgniter\Autoloader\Autoloader->loadClass('App\\Controllers\\Dashboard')
13 SYSTEMPATH\CodeIgniter.php(899): class_exists('\\App\\Controllers\\Dashboard', true)
14 SYSTEMPATH\CodeIgniter.php(489): CodeIgniter\CodeIgniter->startController()
15 SYSTEMPATH\CodeIgniter.php(361): CodeIgniter\CodeIgniter->handleRequest(null, Object(Config\Cache), false)
16 FCPATH\index.php(79): CodeIgniter\CodeIgniter->run()
17 SYSTEMPATH\Commands\Server\rewrite.php(47): require_once('C:\\xampp\\htdocs\\codeigniteruserapi\\public\\index.php')
CRITICAL - 2024-03-13 05:32:42 --> Error: Class "CodeIgniter\Controller" not found
in APPPATH\Controllers\BaseController.php on line 7.
 1 SYSTEMPATH\Autoloader\Autoloader.php(309): include_once()
 2 SYSTEMPATH\Autoloader\Autoloader.php(288): CodeIgniter\Autoloader\Autoloader->includeFile('C:\\xampp\\htdocs\\codeigniteruserapi\\app\\Controllers\\BaseController.php')
 3 SYSTEMPATH\Autoloader\Autoloader.php(266): CodeIgniter\Autoloader\Autoloader->loadInNamespace('App\\Controllers\\BaseController')
 4 APPPATH\Controllers\Dashboard.php(8): CodeIgniter\Autoloader\Autoloader->loadClass('App\\Controllers\\BaseController')
 5 SYSTEMPATH\Autoloader\Autoloader.php(309): include_once('C:\\xampp\\htdocs\\codeigniteruserapi\\app\\Controllers\\Dashboard.php')
 6 SYSTEMPATH\Autoloader\Autoloader.php(288): CodeIgniter\Autoloader\Autoloader->includeFile('C:\\xampp\\htdocs\\codeigniteruserapi\\app\\Controllers\\Dashboard.php')
 7 SYSTEMPATH\Autoloader\Autoloader.php(266): CodeIgniter\Autoloader\Autoloader->loadInNamespace('App\\Controllers\\Dashboard')
 8 [internal function]: CodeIgniter\Autoloader\Autoloader->loadClass('App\\Controllers\\Dashboard')
 9 SYSTEMPATH\CodeIgniter.php(899): class_exists('\\App\\Controllers\\Dashboard', true)
10 SYSTEMPATH\CodeIgniter.php(489): CodeIgniter\CodeIgniter->startController()
11 SYSTEMPATH\CodeIgniter.php(361): CodeIgniter\CodeIgniter->handleRequest(null, Object(Config\Cache), false)
12 FCPATH\index.php(79): CodeIgniter\CodeIgniter->run()
13 SYSTEMPATH\Commands\Server\rewrite.php(47): require_once('C:\\xampp\\htdocs\\codeigniteruserapi\\public\\index.php')
CRITICAL - 2024-03-13 05:40:52 --> Error: Class "CodeIgniter\Controller" not found
in APPPATH\Controllers\BaseController.php on line 7.
 1 SYSTEMPATH\Autoloader\Autoloader.php(309): include_once()
 2 SYSTEMPATH\Autoloader\Autoloader.php(288): CodeIgniter\Autoloader\Autoloader->includeFile('C:\\xampp\\htdocs\\codeigniteruserapi\\app\\Controllers\\BaseController.php')
 3 SYSTEMPATH\Autoloader\Autoloader.php(266): CodeIgniter\Autoloader\Autoloader->loadInNamespace('App\\Controllers\\BaseController')
 4 APPPATH\Controllers\Dashboard.php(7): CodeIgniter\Autoloader\Autoloader->loadClass('App\\Controllers\\BaseController')
 5 SYSTEMPATH\Autoloader\Autoloader.php(309): include_once('C:\\xampp\\htdocs\\codeigniteruserapi\\app\\Controllers\\Dashboard.php')
 6 SYSTEMPATH\Autoloader\Autoloader.php(288): CodeIgniter\Autoloader\Autoloader->includeFile('C:\\xampp\\htdocs\\codeigniteruserapi\\app\\Controllers\\Dashboard.php')
 7 SYSTEMPATH\Autoloader\Autoloader.php(266): CodeIgniter\Autoloader\Autoloader->loadInNamespace('App\\Controllers\\Dashboard')
 8 [internal function]: CodeIgniter\Autoloader\Autoloader->loadClass('App\\Controllers\\Dashboard')
 9 SYSTEMPATH\CodeIgniter.php(899): class_exists('\\App\\Controllers\\Dashboard', true)
10 SYSTEMPATH\CodeIgniter.php(489): CodeIgniter\CodeIgniter->startController()
11 SYSTEMPATH\CodeIgniter.php(361): CodeIgniter\CodeIgniter->handleRequest(null, Object(Config\Cache), false)
12 FCPATH\index.php(79): CodeIgniter\CodeIgniter->run()
13 SYSTEMPATH\Commands\Server\rewrite.php(47): require_once('C:\\xampp\\htdocs\\codeigniteruserapi\\public\\index.php')
CRITICAL - 2024-03-13 05:41:43 --> Error: Class "CodeIgniter\Controller" not found
in APPPATH\Controllers\BaseController.php on line 7.
 1 SYSTEMPATH\Autoloader\Autoloader.php(309): include_once()
 2 SYSTEMPATH\Autoloader\Autoloader.php(288): CodeIgniter\Autoloader\Autoloader->includeFile('C:\\xampp\\htdocs\\codeigniteruserapi\\app\\Controllers\\BaseController.php')
 3 SYSTEMPATH\Autoloader\Autoloader.php(266): CodeIgniter\Autoloader\Autoloader->loadInNamespace('App\\Controllers\\BaseController')
 4 APPPATH\Controllers\Dashboard.php(7): CodeIgniter\Autoloader\Autoloader->loadClass('App\\Controllers\\BaseController')
 5 SYSTEMPATH\Autoloader\Autoloader.php(309): include_once('C:\\xampp\\htdocs\\codeigniteruserapi\\app\\Controllers\\Dashboard.php')
 6 SYSTEMPATH\Autoloader\Autoloader.php(288): CodeIgniter\Autoloader\Autoloader->includeFile('C:\\xampp\\htdocs\\codeigniteruserapi\\app\\Controllers\\Dashboard.php')
 7 SYSTEMPATH\Autoloader\Autoloader.php(266): CodeIgniter\Autoloader\Autoloader->loadInNamespace('App\\Controllers\\Dashboard')
 8 [internal function]: CodeIgniter\Autoloader\Autoloader->loadClass('App\\Controllers\\Dashboard')
 9 SYSTEMPATH\CodeIgniter.php(899): class_exists('\\App\\Controllers\\Dashboard', true)
10 SYSTEMPATH\CodeIgniter.php(489): CodeIgniter\CodeIgniter->startController()
11 SYSTEMPATH\CodeIgniter.php(361): CodeIgniter\CodeIgniter->handleRequest(null, Object(Config\Cache), false)
12 FCPATH\index.php(79): CodeIgniter\CodeIgniter->run()
13 SYSTEMPATH\Commands\Server\rewrite.php(47): require_once('C:\\xampp\\htdocs\\codeigniteruserapi\\public\\index.php')
CRITICAL - 2024-03-13 05:47:17 --> Error: Class "CodeIgniter\Controller" not found
in APPPATH\Controllers\BaseController.php on line 7.
 1 SYSTEMPATH\Autoloader\Autoloader.php(309): include_once()
 2 SYSTEMPATH\Autoloader\Autoloader.php(288): CodeIgniter\Autoloader\Autoloader->includeFile('C:\\xampp\\htdocs\\codeigniteruserapi\\app\\Controllers\\BaseController.php')
 3 SYSTEMPATH\Autoloader\Autoloader.php(266): CodeIgniter\Autoloader\Autoloader->loadInNamespace('App\\Controllers\\BaseController')
 4 APPPATH\Controllers\Dashboard.php(7): CodeIgniter\Autoloader\Autoloader->loadClass('App\\Controllers\\BaseController')
 5 SYSTEMPATH\Autoloader\Autoloader.php(309): include_once('C:\\xampp\\htdocs\\codeigniteruserapi\\app\\Controllers\\Dashboard.php')
 6 SYSTEMPATH\Autoloader\Autoloader.php(288): CodeIgniter\Autoloader\Autoloader->includeFile('C:\\xampp\\htdocs\\codeigniteruserapi\\app\\Controllers\\Dashboard.php')
 7 SYSTEMPATH\Autoloader\Autoloader.php(266): CodeIgniter\Autoloader\Autoloader->loadInNamespace('App\\Controllers\\Dashboard')
 8 [internal function]: CodeIgniter\Autoloader\Autoloader->loadClass('App\\Controllers\\Dashboard')
 9 SYSTEMPATH\CodeIgniter.php(899): class_exists('\\App\\Controllers\\Dashboard', true)
10 SYSTEMPATH\CodeIgniter.php(489): CodeIgniter\CodeIgniter->startController()
11 SYSTEMPATH\CodeIgniter.php(361): CodeIgniter\CodeIgniter->handleRequest(null, Object(Config\Cache), false)
12 FCPATH\index.php(79): CodeIgniter\CodeIgniter->run()
13 SYSTEMPATH\Commands\Server\rewrite.php(47): require_once('C:\\xampp\\htdocs\\codeigniteruserapi\\public\\index.php')
CRITICAL - 2024-03-13 06:48:04 --> Error: Class "CodeIgniter\Controller" not found
in APPPATH\Controllers\BaseController.php on line 7.
 1 SYSTEMPATH\Autoloader\Autoloader.php(309): include_once()
 2 SYSTEMPATH\Autoloader\Autoloader.php(288): CodeIgniter\Autoloader\Autoloader->includeFile('C:\\xampp\\htdocs\\codeigniteruserapi\\app\\Controllers\\BaseController.php')
 3 SYSTEMPATH\Autoloader\Autoloader.php(266): CodeIgniter\Autoloader\Autoloader->loadInNamespace('App\\Controllers\\BaseController')
 4 APPPATH\Controllers\Dashboard.php(7): CodeIgniter\Autoloader\Autoloader->loadClass('App\\Controllers\\BaseController')
 5 SYSTEMPATH\Autoloader\Autoloader.php(309): include_once('C:\\xampp\\htdocs\\codeigniteruserapi\\app\\Controllers\\Dashboard.php')
 6 SYSTEMPATH\Autoloader\Autoloader.php(288): CodeIgniter\Autoloader\Autoloader->includeFile('C:\\xampp\\htdocs\\codeigniteruserapi\\app\\Controllers\\Dashboard.php')
 7 SYSTEMPATH\Autoloader\Autoloader.php(266): CodeIgniter\Autoloader\Autoloader->loadInNamespace('App\\Controllers\\Dashboard')
 8 [internal function]: CodeIgniter\Autoloader\Autoloader->loadClass('App\\Controllers\\Dashboard')
 9 SYSTEMPATH\CodeIgniter.php(899): class_exists('\\App\\Controllers\\Dashboard', true)
10 SYSTEMPATH\CodeIgniter.php(489): CodeIgniter\CodeIgniter->startController()
11 SYSTEMPATH\CodeIgniter.php(361): CodeIgniter\CodeIgniter->handleRequest(null, Object(Config\Cache), false)
12 FCPATH\index.php(79): CodeIgniter\CodeIgniter->run()
13 SYSTEMPATH\Commands\Server\rewrite.php(47): require_once('C:\\xampp\\htdocs\\codeigniteruserapi\\public\\index.php')
CRITICAL - 2024-03-13 06:59:30 --> Error: Class "CodeIgniter\Controller" not found
in APPPATH\Controllers\BaseController.php on line 7.
 1 SYSTEMPATH\Autoloader\Autoloader.php(309): include_once()
 2 SYSTEMPATH\Autoloader\Autoloader.php(288): CodeIgniter\Autoloader\Autoloader->includeFile('C:\\xampp\\htdocs\\codeigniteruserapi\\app\\Controllers\\BaseController.php')
 3 SYSTEMPATH\Autoloader\Autoloader.php(266): CodeIgniter\Autoloader\Autoloader->loadInNamespace('App\\Controllers\\BaseController')
 4 APPPATH\Controllers\Dashboard.php(7): CodeIgniter\Autoloader\Autoloader->loadClass('App\\Controllers\\BaseController')
 5 SYSTEMPATH\Autoloader\Autoloader.php(309): include_once('C:\\xampp\\htdocs\\codeigniteruserapi\\app\\Controllers\\Dashboard.php')
 6 SYSTEMPATH\Autoloader\Autoloader.php(288): CodeIgniter\Autoloader\Autoloader->includeFile('C:\\xampp\\htdocs\\codeigniteruserapi\\app\\Controllers\\Dashboard.php')
 7 SYSTEMPATH\Autoloader\Autoloader.php(266): CodeIgniter\Autoloader\Autoloader->loadInNamespace('App\\Controllers\\Dashboard')
 8 [internal function]: CodeIgniter\Autoloader\Autoloader->loadClass('App\\Controllers\\Dashboard')
 9 SYSTEMPATH\CodeIgniter.php(899): class_exists('\\App\\Controllers\\Dashboard', true)
10 SYSTEMPATH\CodeIgniter.php(489): CodeIgniter\CodeIgniter->startController()
11 SYSTEMPATH\CodeIgniter.php(361): CodeIgniter\CodeIgniter->handleRequest(null, Object(Config\Cache), false)
12 FCPATH\index.php(79): CodeIgniter\CodeIgniter->run()
13 SYSTEMPATH\Commands\Server\rewrite.php(47): require_once('C:\\xampp\\htdocs\\codeigniteruserapi\\public\\index.php')
CRITICAL - 2024-03-13 09:24:53 --> Error: Class "CodeIgniter\Controller" not found
in APPPATH\Controllers\BaseController.php on line 7.
 1 SYSTEMPATH\Autoloader\Autoloader.php(309): include_once()
 2 SYSTEMPATH\Autoloader\Autoloader.php(288): CodeIgniter\Autoloader\Autoloader->includeFile('C:\\xampp\\htdocs\\codeigniteruserapi\\app\\Controllers\\BaseController.php')
 3 SYSTEMPATH\Autoloader\Autoloader.php(266): CodeIgniter\Autoloader\Autoloader->loadInNamespace('App\\Controllers\\BaseController')
 4 APPPATH\Controllers\Dashboard.php(7): CodeIgniter\Autoloader\Autoloader->loadClass('App\\Controllers\\BaseController')
 5 SYSTEMPATH\Autoloader\Autoloader.php(309): include_once('C:\\xampp\\htdocs\\codeigniteruserapi\\app\\Controllers\\Dashboard.php')
 6 SYSTEMPATH\Autoloader\Autoloader.php(288): CodeIgniter\Autoloader\Autoloader->includeFile('C:\\xampp\\htdocs\\codeigniteruserapi\\app\\Controllers\\Dashboard.php')
 7 SYSTEMPATH\Autoloader\Autoloader.php(266): CodeIgniter\Autoloader\Autoloader->loadInNamespace('App\\Controllers\\Dashboard')
 8 [internal function]: CodeIgniter\Autoloader\Autoloader->loadClass('App\\Controllers\\Dashboard')
 9 SYSTEMPATH\CodeIgniter.php(899): class_exists('\\App\\Controllers\\Dashboard', true)
10 SYSTEMPATH\CodeIgniter.php(489): CodeIgniter\CodeIgniter->startController()
11 SYSTEMPATH\CodeIgniter.php(361): CodeIgniter\CodeIgniter->handleRequest(null, Object(Config\Cache), false)
12 FCPATH\index.php(79): CodeIgniter\CodeIgniter->run()
13 SYSTEMPATH\Commands\Server\rewrite.php(47): require_once('C:\\xampp\\htdocs\\codeigniteruserapi\\public\\index.php')
CRITICAL - 2024-03-13 09:36:31 --> Error: Class "App\Controllers\CodeIgniter\Controller" not found
in APPPATH\Controllers\BaseController.php on line 7.
 1 SYSTEMPATH\Autoloader\Autoloader.php(309): include_once()
 2 SYSTEMPATH\Autoloader\Autoloader.php(288): CodeIgniter\Autoloader\Autoloader->includeFile('C:\\xampp\\htdocs\\codeigniteruserapi\\app\\Controllers\\BaseController.php')
 3 SYSTEMPATH\Autoloader\Autoloader.php(266): CodeIgniter\Autoloader\Autoloader->loadInNamespace('App\\Controllers\\BaseController')
 4 APPPATH\Controllers\Dashboard.php(7): CodeIgniter\Autoloader\Autoloader->loadClass('App\\Controllers\\BaseController')
 5 SYSTEMPATH\Autoloader\Autoloader.php(309): include_once('C:\\xampp\\htdocs\\codeigniteruserapi\\app\\Controllers\\Dashboard.php')
 6 SYSTEMPATH\Autoloader\Autoloader.php(288): CodeIgniter\Autoloader\Autoloader->includeFile('C:\\xampp\\htdocs\\codeigniteruserapi\\app\\Controllers\\Dashboard.php')
 7 SYSTEMPATH\Autoloader\Autoloader.php(266): CodeIgniter\Autoloader\Autoloader->loadInNamespace('App\\Controllers\\Dashboard')
 8 [internal function]: CodeIgniter\Autoloader\Autoloader->loadClass('App\\Controllers\\Dashboard')
 9 SYSTEMPATH\CodeIgniter.php(899): class_exists('\\App\\Controllers\\Dashboard', true)
10 SYSTEMPATH\CodeIgniter.php(489): CodeIgniter\CodeIgniter->startController()
11 SYSTEMPATH\CodeIgniter.php(361): CodeIgniter\CodeIgniter->handleRequest(null, Object(Config\Cache), false)
12 FCPATH\index.php(79): CodeIgniter\CodeIgniter->run()
13 SYSTEMPATH\Commands\Server\rewrite.php(47): require_once('C:\\xampp\\htdocs\\codeigniteruserapi\\public\\index.php')
CRITICAL - 2024-03-13 09:41:58 --> Error: Class "CodeIgniter\Controller" not found
in APPPATH\Controllers\BaseController.php on line 8.
 1 SYSTEMPATH\Autoloader\Autoloader.php(309): include_once()
 2 SYSTEMPATH\Autoloader\Autoloader.php(288): CodeIgniter\Autoloader\Autoloader->includeFile('C:\\xampp\\htdocs\\codeigniteruserapi\\app\\Controllers\\BaseController.php')
 3 SYSTEMPATH\Autoloader\Autoloader.php(266): CodeIgniter\Autoloader\Autoloader->loadInNamespace('App\\Controllers\\BaseController')
 4 APPPATH\Controllers\Dashboard.php(7): CodeIgniter\Autoloader\Autoloader->loadClass('App\\Controllers\\BaseController')
 5 SYSTEMPATH\Autoloader\Autoloader.php(309): include_once('C:\\xampp\\htdocs\\codeigniteruserapi\\app\\Controllers\\Dashboard.php')
 6 SYSTEMPATH\Autoloader\Autoloader.php(288): CodeIgniter\Autoloader\Autoloader->includeFile('C:\\xampp\\htdocs\\codeigniteruserapi\\app\\Controllers\\Dashboard.php')
 7 SYSTEMPATH\Autoloader\Autoloader.php(266): CodeIgniter\Autoloader\Autoloader->loadInNamespace('App\\Controllers\\Dashboard')
 8 [internal function]: CodeIgniter\Autoloader\Autoloader->loadClass('App\\Controllers\\Dashboard')
 9 SYSTEMPATH\CodeIgniter.php(899): class_exists('\\App\\Controllers\\Dashboard', true)
10 SYSTEMPATH\CodeIgniter.php(489): CodeIgniter\CodeIgniter->startController()
11 SYSTEMPATH\CodeIgniter.php(361): CodeIgniter\CodeIgniter->handleRequest(null, Object(Config\Cache), false)
12 FCPATH\index.php(79): CodeIgniter\CodeIgniter->run()
13 SYSTEMPATH\Commands\Server\rewrite.php(47): require_once('C:\\xampp\\htdocs\\codeigniteruserapi\\public\\index.php')
CRITICAL - 2024-03-13 09:58:45 --> Error: Class "CodeIgniter\Controller" not found
in APPPATH\Controllers\Controller.php on line 7.
 1 SYSTEMPATH\Autoloader\Autoloader.php(309): include_once()
 2 SYSTEMPATH\Autoloader\Autoloader.php(288): CodeIgniter\Autoloader\Autoloader->includeFile('C:\\xampp\\htdocs\\codeigniteruserapi\\app\\Controllers\\Controller.php')
 3 SYSTEMPATH\Autoloader\Autoloader.php(266): CodeIgniter\Autoloader\Autoloader->loadInNamespace('App\\Controllers\\Controller')
 4 APPPATH\Controllers\BaseController.php(8): CodeIgniter\Autoloader\Autoloader->loadClass('App\\Controllers\\Controller')
 5 SYSTEMPATH\Autoloader\Autoloader.php(309): include_once('C:\\xampp\\htdocs\\codeigniteruserapi\\app\\Controllers\\BaseController.php')
 6 SYSTEMPATH\Autoloader\Autoloader.php(288): CodeIgniter\Autoloader\Autoloader->includeFile('C:\\xampp\\htdocs\\codeigniteruserapi\\app\\Controllers\\BaseController.php')
 7 SYSTEMPATH\Autoloader\Autoloader.php(266): CodeIgniter\Autoloader\Autoloader->loadInNamespace('App\\Controllers\\BaseController')
 8 APPPATH\Controllers\Dashboard.php(7): CodeIgniter\Autoloader\Autoloader->loadClass('App\\Controllers\\BaseController')
 9 SYSTEMPATH\Autoloader\Autoloader.php(309): include_once('C:\\xampp\\htdocs\\codeigniteruserapi\\app\\Controllers\\Dashboard.php')
10 SYSTEMPATH\Autoloader\Autoloader.php(288): CodeIgniter\Autoloader\Autoloader->includeFile('C:\\xampp\\htdocs\\codeigniteruserapi\\app\\Controllers\\Dashboard.php')
11 SYSTEMPATH\Autoloader\Autoloader.php(266): CodeIgniter\Autoloader\Autoloader->loadInNamespace('App\\Controllers\\Dashboard')
12 [internal function]: CodeIgniter\Autoloader\Autoloader->loadClass('App\\Controllers\\Dashboard')
13 SYSTEMPATH\CodeIgniter.php(899): class_exists('\\App\\Controllers\\Dashboard', true)
14 SYSTEMPATH\CodeIgniter.php(489): CodeIgniter\CodeIgniter->startController()
15 SYSTEMPATH\CodeIgniter.php(361): CodeIgniter\CodeIgniter->handleRequest(null, Object(Config\Cache), false)
16 FCPATH\index.php(79): CodeIgniter\CodeIgniter->run()
17 SYSTEMPATH\Commands\Server\rewrite.php(47): require_once('C:\\xampp\\htdocs\\codeigniteruserapi\\public\\index.php')
CRITICAL - 2024-03-13 09:59:04 --> Error: Class "CodeIgniter\Controller" not found
in APPPATH\Controllers\Controller.php on line 7.
 1 SYSTEMPATH\Autoloader\Autoloader.php(309): include_once()
 2 SYSTEMPATH\Autoloader\Autoloader.php(288): CodeIgniter\Autoloader\Autoloader->includeFile('C:\\xampp\\htdocs\\codeigniteruserapi\\app\\Controllers\\Controller.php')
 3 SYSTEMPATH\Autoloader\Autoloader.php(266): CodeIgniter\Autoloader\Autoloader->loadInNamespace('App\\Controllers\\Controller')
 4 APPPATH\Controllers\BaseController.php(8): CodeIgniter\Autoloader\Autoloader->loadClass('App\\Controllers\\Controller')
 5 SYSTEMPATH\Autoloader\Autoloader.php(309): include_once('C:\\xampp\\htdocs\\codeigniteruserapi\\app\\Controllers\\BaseController.php')
 6 SYSTEMPATH\Autoloader\Autoloader.php(288): CodeIgniter\Autoloader\Autoloader->includeFile('C:\\xampp\\htdocs\\codeigniteruserapi\\app\\Controllers\\BaseController.php')
 7 SYSTEMPATH\Autoloader\Autoloader.php(266): CodeIgniter\Autoloader\Autoloader->loadInNamespace('App\\Controllers\\BaseController')
 8 APPPATH\Controllers\Dashboard.php(7): CodeIgniter\Autoloader\Autoloader->loadClass('App\\Controllers\\BaseController')
 9 SYSTEMPATH\Autoloader\Autoloader.php(309): include_once('C:\\xampp\\htdocs\\codeigniteruserapi\\app\\Controllers\\Dashboard.php')
10 SYSTEMPATH\Autoloader\Autoloader.php(288): CodeIgniter\Autoloader\Autoloader->includeFile('C:\\xampp\\htdocs\\codeigniteruserapi\\app\\Controllers\\Dashboard.php')
11 SYSTEMPATH\Autoloader\Autoloader.php(266): CodeIgniter\Autoloader\Autoloader->loadInNamespace('App\\Controllers\\Dashboard')
12 [internal function]: CodeIgniter\Autoloader\Autoloader->loadClass('App\\Controllers\\Dashboard')
13 SYSTEMPATH\CodeIgniter.php(899): class_exists('\\App\\Controllers\\Dashboard', true)
14 SYSTEMPATH\CodeIgniter.php(489): CodeIgniter\CodeIgniter->startController()
15 SYSTEMPATH\CodeIgniter.php(361): CodeIgniter\CodeIgniter->handleRequest(null, Object(Config\Cache), false)
16 FCPATH\index.php(79): CodeIgniter\CodeIgniter->run()
17 SYSTEMPATH\Commands\Server\rewrite.php(47): require_once('C:\\xampp\\htdocs\\codeigniteruserapi\\public\\index.php')
CRITICAL - 2024-03-13 09:59:21 --> Error: Class "CodeIgniter\Controller" not found
in APPPATH\Controllers\Controller.php on line 7.
 1 SYSTEMPATH\Autoloader\Autoloader.php(309): include_once()
 2 SYSTEMPATH\Autoloader\Autoloader.php(288): CodeIgniter\Autoloader\Autoloader->includeFile('C:\\xampp\\htdocs\\codeigniteruserapi\\app\\Controllers\\Controller.php')
 3 SYSTEMPATH\Autoloader\Autoloader.php(266): CodeIgniter\Autoloader\Autoloader->loadInNamespace('App\\Controllers\\Controller')
 4 APPPATH\Controllers\BaseController.php(8): CodeIgniter\Autoloader\Autoloader->loadClass('App\\Controllers\\Controller')
 5 SYSTEMPATH\Autoloader\Autoloader.php(309): include_once('C:\\xampp\\htdocs\\codeigniteruserapi\\app\\Controllers\\BaseController.php')
 6 SYSTEMPATH\Autoloader\Autoloader.php(288): CodeIgniter\Autoloader\Autoloader->includeFile('C:\\xampp\\htdocs\\codeigniteruserapi\\app\\Controllers\\BaseController.php')
 7 SYSTEMPATH\Autoloader\Autoloader.php(266): CodeIgniter\Autoloader\Autoloader->loadInNamespace('App\\Controllers\\BaseController')
 8 APPPATH\Controllers\Dashboard.php(7): CodeIgniter\Autoloader\Autoloader->loadClass('App\\Controllers\\BaseController')
 9 SYSTEMPATH\Autoloader\Autoloader.php(309): include_once('C:\\xampp\\htdocs\\codeigniteruserapi\\app\\Controllers\\Dashboard.php')
10 SYSTEMPATH\Autoloader\Autoloader.php(288): CodeIgniter\Autoloader\Autoloader->includeFile('C:\\xampp\\htdocs\\codeigniteruserapi\\app\\Controllers\\Dashboard.php')
11 SYSTEMPATH\Autoloader\Autoloader.php(266): CodeIgniter\Autoloader\Autoloader->loadInNamespace('App\\Controllers\\Dashboard')
12 [internal function]: CodeIgniter\Autoloader\Autoloader->loadClass('App\\Controllers\\Dashboard')
13 SYSTEMPATH\CodeIgniter.php(899): class_exists('\\App\\Controllers\\Dashboard', true)
14 SYSTEMPATH\CodeIgniter.php(489): CodeIgniter\CodeIgniter->startController()
15 SYSTEMPATH\CodeIgniter.php(361): CodeIgniter\CodeIgniter->handleRequest(null, Object(Config\Cache), false)
16 FCPATH\index.php(79): CodeIgniter\CodeIgniter->run()
17 SYSTEMPATH\Commands\Server\rewrite.php(47): require_once('C:\\xampp\\htdocs\\codeigniteruserapi\\public\\index.php')
CRITICAL - 2024-03-13 09:59:21 --> Error: Class "CodeIgniter\Controller" not found
in APPPATH\Controllers\Controller.php on line 7.
 1 SYSTEMPATH\Autoloader\Autoloader.php(309): include_once()
 2 SYSTEMPATH\Autoloader\Autoloader.php(288): CodeIgniter\Autoloader\Autoloader->includeFile('C:\\xampp\\htdocs\\codeigniteruserapi\\app\\Controllers\\Controller.php')
 3 SYSTEMPATH\Autoloader\Autoloader.php(266): CodeIgniter\Autoloader\Autoloader->loadInNamespace('App\\Controllers\\Controller')
 4 APPPATH\Controllers\BaseController.php(8): CodeIgniter\Autoloader\Autoloader->loadClass('App\\Controllers\\Controller')
 5 SYSTEMPATH\Autoloader\Autoloader.php(309): include_once('C:\\xampp\\htdocs\\codeigniteruserapi\\app\\Controllers\\BaseController.php')
 6 SYSTEMPATH\Autoloader\Autoloader.php(288): CodeIgniter\Autoloader\Autoloader->includeFile('C:\\xampp\\htdocs\\codeigniteruserapi\\app\\Controllers\\BaseController.php')
 7 SYSTEMPATH\Autoloader\Autoloader.php(266): CodeIgniter\Autoloader\Autoloader->loadInNamespace('App\\Controllers\\BaseController')
 8 APPPATH\Controllers\Dashboard.php(7): CodeIgniter\Autoloader\Autoloader->loadClass('App\\Controllers\\BaseController')
 9 SYSTEMPATH\Autoloader\Autoloader.php(309): include_once('C:\\xampp\\htdocs\\codeigniteruserapi\\app\\Controllers\\Dashboard.php')
10 SYSTEMPATH\Autoloader\Autoloader.php(288): CodeIgniter\Autoloader\Autoloader->includeFile('C:\\xampp\\htdocs\\codeigniteruserapi\\app\\Controllers\\Dashboard.php')
11 SYSTEMPATH\Autoloader\Autoloader.php(266): CodeIgniter\Autoloader\Autoloader->loadInNamespace('App\\Controllers\\Dashboard')
12 [internal function]: CodeIgniter\Autoloader\Autoloader->loadClass('App\\Controllers\\Dashboard')
13 SYSTEMPATH\CodeIgniter.php(899): class_exists('\\App\\Controllers\\Dashboard', true)
14 SYSTEMPATH\CodeIgniter.php(489): CodeIgniter\CodeIgniter->startController()
15 SYSTEMPATH\CodeIgniter.php(361): CodeIgniter\CodeIgniter->handleRequest(null, Object(Config\Cache), false)
16 FCPATH\index.php(79): CodeIgniter\CodeIgniter->run()
17 SYSTEMPATH\Commands\Server\rewrite.php(47): require_once('C:\\xampp\\htdocs\\codeigniteruserapi\\public\\index.php')
CRITICAL - 2024-03-13 09:59:26 --> Error: Class "CodeIgniter\Controller" not found
in APPPATH\Controllers\Controller.php on line 7.
 1 SYSTEMPATH\Autoloader\Autoloader.php(309): include_once()
 2 SYSTEMPATH\Autoloader\Autoloader.php(288): CodeIgniter\Autoloader\Autoloader->includeFile('C:\\xampp\\htdocs\\codeigniteruserapi\\app\\Controllers\\Controller.php')
 3 SYSTEMPATH\Autoloader\Autoloader.php(266): CodeIgniter\Autoloader\Autoloader->loadInNamespace('App\\Controllers\\Controller')
 4 APPPATH\Controllers\BaseController.php(8): CodeIgniter\Autoloader\Autoloader->loadClass('App\\Controllers\\Controller')
 5 SYSTEMPATH\Autoloader\Autoloader.php(309): include_once('C:\\xampp\\htdocs\\codeigniteruserapi\\app\\Controllers\\BaseController.php')
 6 SYSTEMPATH\Autoloader\Autoloader.php(288): CodeIgniter\Autoloader\Autoloader->includeFile('C:\\xampp\\htdocs\\codeigniteruserapi\\app\\Controllers\\BaseController.php')
 7 SYSTEMPATH\Autoloader\Autoloader.php(266): CodeIgniter\Autoloader\Autoloader->loadInNamespace('App\\Controllers\\BaseController')
 8 APPPATH\Controllers\Dashboard.php(7): CodeIgniter\Autoloader\Autoloader->loadClass('App\\Controllers\\BaseController')
 9 SYSTEMPATH\Autoloader\Autoloader.php(309): include_once('C:\\xampp\\htdocs\\codeigniteruserapi\\app\\Controllers\\Dashboard.php')
10 SYSTEMPATH\Autoloader\Autoloader.php(288): CodeIgniter\Autoloader\Autoloader->includeFile('C:\\xampp\\htdocs\\codeigniteruserapi\\app\\Controllers\\Dashboard.php')
11 SYSTEMPATH\Autoloader\Autoloader.php(266): CodeIgniter\Autoloader\Autoloader->loadInNamespace('App\\Controllers\\Dashboard')
12 [internal function]: CodeIgniter\Autoloader\Autoloader->loadClass('App\\Controllers\\Dashboard')
13 SYSTEMPATH\CodeIgniter.php(899): class_exists('\\App\\Controllers\\Dashboard', true)
14 SYSTEMPATH\CodeIgniter.php(489): CodeIgniter\CodeIgniter->startController()
15 SYSTEMPATH\CodeIgniter.php(361): CodeIgniter\CodeIgniter->handleRequest(null, Object(Config\Cache), false)
16 FCPATH\index.php(79): CodeIgniter\CodeIgniter->run()
17 SYSTEMPATH\Commands\Server\rewrite.php(47): require_once('C:\\xampp\\htdocs\\codeigniteruserapi\\public\\index.php')
CRITICAL - 2024-03-13 10:00:27 --> ErrorException: Cannot declare class App\Controllers\BaseController, because the name is already in use
in APPPATH\Controllers\Controller.php on line 7.
 1 [internal function]: CodeIgniter\Debug\Exceptions->shutdownHandler()
CRITICAL - 2024-03-13 10:00:31 --> ErrorException: Cannot declare class App\Controllers\BaseController, because the name is already in use
in APPPATH\Controllers\Controller.php on line 7.
 1 [internal function]: CodeIgniter\Debug\Exceptions->shutdownHandler()
CRITICAL - 2024-03-13 10:00:35 --> ErrorException: Cannot declare class App\Controllers\BaseController, because the name is already in use
in APPPATH\Controllers\Controller.php on line 7.
 1 [internal function]: CodeIgniter\Debug\Exceptions->shutdownHandler()
CRITICAL - 2024-03-13 10:00:39 --> ErrorException: Cannot declare class App\Controllers\BaseController, because the name is already in use
in APPPATH\Controllers\Controller.php on line 7.
 1 [internal function]: CodeIgniter\Debug\Exceptions->shutdownHandler()
CRITICAL - 2024-03-13 10:00:44 --> ErrorException: Cannot declare class App\Controllers\BaseController, because the name is already in use
in APPPATH\Controllers\Controller.php on line 7.
 1 [internal function]: CodeIgniter\Debug\Exceptions->shutdownHandler()
CRITICAL - 2024-03-13 10:02:15 --> Error: Call to undefined method App\Controllers\Dashboard::initController()
in SYSTEMPATH\CodeIgniter.php on line 914.
 1 SYSTEMPATH\CodeIgniter.php(493): CodeIgniter\CodeIgniter->createController()
 2 SYSTEMPATH\CodeIgniter.php(361): CodeIgniter\CodeIgniter->handleRequest(null, Object(Config\Cache), false)
 3 FCPATH\index.php(79): CodeIgniter\CodeIgniter->run()
 4 SYSTEMPATH\Commands\Server\rewrite.php(47): require_once('C:\\xampp\\htdocs\\codeigniteruserapi\\public\\index.php')
CRITICAL - 2024-03-13 10:31:25 --> Error: Call to undefined method App\Controllers\Dashboard::initController()
in SYSTEMPATH\CodeIgniter.php on line 914.
 1 SYSTEMPATH\CodeIgniter.php(493): CodeIgniter\CodeIgniter->createController()
 2 SYSTEMPATH\CodeIgniter.php(361): CodeIgniter\CodeIgniter->handleRequest(null, Object(Config\Cache), false)
 3 FCPATH\index.php(79): CodeIgniter\CodeIgniter->run()
 4 SYSTEMPATH\Commands\Server\rewrite.php(47): require_once('C:\\xampp\\htdocs\\codeigniteruserapi\\public\\index.php')
CRITICAL - 2024-03-13 10:34:19 --> Error: Call to undefined method App\Controllers\Dashboard::initController()
in SYSTEMPATH\CodeIgniter.php on line 914.
 1 SYSTEMPATH\CodeIgniter.php(493): CodeIgniter\CodeIgniter->createController()
 2 SYSTEMPATH\CodeIgniter.php(361): CodeIgniter\CodeIgniter->handleRequest(null, Object(Config\Cache), false)
 3 FCPATH\index.php(79): CodeIgniter\CodeIgniter->run()
 4 SYSTEMPATH\Commands\Server\rewrite.php(47): require_once('C:\\xampp\\htdocs\\codeigniteruserapi\\public\\index.php')
CRITICAL - 2024-03-13 10:35:07 --> Error: Call to undefined method App\Controllers\Dashboard::initController()
in SYSTEMPATH\CodeIgniter.php on line 914.
 1 SYSTEMPATH\CodeIgniter.php(493): CodeIgniter\CodeIgniter->createController()
 2 SYSTEMPATH\CodeIgniter.php(361): CodeIgniter\CodeIgniter->handleRequest(null, Object(Config\Cache), false)
 3 FCPATH\index.php(79): CodeIgniter\CodeIgniter->run()
 4 SYSTEMPATH\Commands\Server\rewrite.php(47): require_once('C:\\xampp\\htdocs\\codeigniteruserapi\\public\\index.php')
ERROR - 2024-03-13 12:29:34 --> mysqli_sql_exception: Column 'email' cannot be null in C:\xampp\htdocs\codeigniteruserapi\system\Database\MySQLi\Connection.php:306
Stack trace:
#0 C:\xampp\htdocs\codeigniteruserapi\system\Database\MySQLi\Connection.php(306): mysqli->query('INSERT INTO `us...', 0)
#1 C:\xampp\htdocs\codeigniteruserapi\system\Database\BaseConnection.php(693): CodeIgniter\Database\MySQLi\Connection->execute('INSERT INTO `us...')
#2 C:\xampp\htdocs\codeigniteruserapi\system\Database\BaseConnection.php(607): CodeIgniter\Database\BaseConnection->simpleQuery('INSERT INTO `us...')
#3 C:\xampp\htdocs\codeigniteruserapi\system\Database\BaseBuilder.php(2307): CodeIgniter\Database\BaseConnection->query('INSERT INTO `us...', Array, false)
#4 C:\xampp\htdocs\codeigniteruserapi\system\Model.php(326): CodeIgniter\Database\BaseBuilder->insert()
#5 C:\xampp\htdocs\codeigniteruserapi\system\BaseModel.php(802): CodeIgniter\Model->doInsert(Array)
#6 C:\xampp\htdocs\codeigniteruserapi\system\Model.php(744): CodeIgniter\BaseModel->insert(Array, true)
#7 C:\xampp\htdocs\codeigniteruserapi\app\Controllers\UserController.php(47): CodeIgniter\Model->insert(Array)
#8 C:\xampp\htdocs\codeigniteruserapi\system\CodeIgniter.php(941): App\Controllers\UserController->createUser()
#9 C:\xampp\htdocs\codeigniteruserapi\system\CodeIgniter.php(502): CodeIgniter\CodeIgniter->runController(Object(App\Controllers\UserController))
#10 C:\xampp\htdocs\codeigniteruserapi\system\CodeIgniter.php(361): CodeIgniter\CodeIgniter->handleRequest(NULL, Object(Config\Cache), false)
#11 C:\xampp\htdocs\codeigniteruserapi\public\index.php(79): CodeIgniter\CodeIgniter->run()
#12 C:\xampp\htdocs\codeigniteruserapi\system\Commands\Server\rewrite.php(47): require_once('C:\\xampp\\htdocs...')
#13 {main}
CRITICAL - 2024-03-13 12:29:34 --> Error: Call to undefined method App\Controllers\UserController::respondServerError()
in APPPATH\Controllers\UserController.php on line 52.
 1 SYSTEMPATH\CodeIgniter.php(941): App\Controllers\UserController->createUser()
 2 SYSTEMPATH\CodeIgniter.php(502): CodeIgniter\CodeIgniter->runController(Object(App\Controllers\UserController))
 3 SYSTEMPATH\CodeIgniter.php(361): CodeIgniter\CodeIgniter->handleRequest(null, Object(Config\Cache), false)
 4 FCPATH\index.php(79): CodeIgniter\CodeIgniter->run()
 5 SYSTEMPATH\Commands\Server\rewrite.php(47): require_once('C:\\xampp\\htdocs\\codeigniteruserapi\\public\\index.php')
ERROR - 2024-03-13 12:48:21 --> mysqli_sql_exception: Column 'email' cannot be null in C:\xampp\htdocs\codeigniteruserapi\system\Database\MySQLi\Connection.php:306
Stack trace:
#0 C:\xampp\htdocs\codeigniteruserapi\system\Database\MySQLi\Connection.php(306): mysqli->query('INSERT INTO `us...', 0)
#1 C:\xampp\htdocs\codeigniteruserapi\system\Database\BaseConnection.php(693): CodeIgniter\Database\MySQLi\Connection->execute('INSERT INTO `us...')
#2 C:\xampp\htdocs\codeigniteruserapi\system\Database\BaseConnection.php(607): CodeIgniter\Database\BaseConnection->simpleQuery('INSERT INTO `us...')
#3 C:\xampp\htdocs\codeigniteruserapi\system\Database\BaseBuilder.php(2307): CodeIgniter\Database\BaseConnection->query('INSERT INTO `us...', Array, false)
#4 C:\xampp\htdocs\codeigniteruserapi\system\Model.php(326): CodeIgniter\Database\BaseBuilder->insert()
#5 C:\xampp\htdocs\codeigniteruserapi\system\BaseModel.php(802): CodeIgniter\Model->doInsert(Array)
#6 C:\xampp\htdocs\codeigniteruserapi\system\Model.php(744): CodeIgniter\BaseModel->insert(Array, true)
#7 C:\xampp\htdocs\codeigniteruserapi\app\Controllers\UserController.php(49): CodeIgniter\Model->insert(Array)
#8 C:\xampp\htdocs\codeigniteruserapi\system\CodeIgniter.php(941): App\Controllers\UserController->createUser()
#9 C:\xampp\htdocs\codeigniteruserapi\system\CodeIgniter.php(502): CodeIgniter\CodeIgniter->runController(Object(App\Controllers\UserController))
#10 C:\xampp\htdocs\codeigniteruserapi\system\CodeIgniter.php(361): CodeIgniter\CodeIgniter->handleRequest(NULL, Object(Config\Cache), false)
#11 C:\xampp\htdocs\codeigniteruserapi\public\index.php(79): CodeIgniter\CodeIgniter->run()
#12 C:\xampp\htdocs\codeigniteruserapi\system\Commands\Server\rewrite.php(47): require_once('C:\\xampp\\htdocs...')
#13 {main}
CRITICAL - 2024-03-13 12:48:21 --> Error: Call to undefined method App\Controllers\UserController::respondServerError()
in APPPATH\Controllers\UserController.php on line 54.
 1 SYSTEMPATH\CodeIgniter.php(941): App\Controllers\UserController->createUser()
 2 SYSTEMPATH\CodeIgniter.php(502): CodeIgniter\CodeIgniter->runController(Object(App\Controllers\UserController))
 3 SYSTEMPATH\CodeIgniter.php(361): CodeIgniter\CodeIgniter->handleRequest(null, Object(Config\Cache), false)
 4 FCPATH\index.php(79): CodeIgniter\CodeIgniter->run()
 5 SYSTEMPATH\Commands\Server\rewrite.php(47): require_once('C:\\xampp\\htdocs\\codeigniteruserapi\\public\\index.php')
ERROR - 2024-03-13 12:49:20 --> mysqli_sql_exception: Column 'email' cannot be null in C:\xampp\htdocs\codeigniteruserapi\system\Database\MySQLi\Connection.php:306
Stack trace:
#0 C:\xampp\htdocs\codeigniteruserapi\system\Database\MySQLi\Connection.php(306): mysqli->query('INSERT INTO `us...', 0)
#1 C:\xampp\htdocs\codeigniteruserapi\system\Database\BaseConnection.php(693): CodeIgniter\Database\MySQLi\Connection->execute('INSERT INTO `us...')
#2 C:\xampp\htdocs\codeigniteruserapi\system\Database\BaseConnection.php(607): CodeIgniter\Database\BaseConnection->simpleQuery('INSERT INTO `us...')
#3 C:\xampp\htdocs\codeigniteruserapi\system\Database\BaseBuilder.php(2307): CodeIgniter\Database\BaseConnection->query('INSERT INTO `us...', Array, false)
#4 C:\xampp\htdocs\codeigniteruserapi\system\Model.php(326): CodeIgniter\Database\BaseBuilder->insert()
#5 C:\xampp\htdocs\codeigniteruserapi\system\BaseModel.php(802): CodeIgniter\Model->doInsert(Array)
#6 C:\xampp\htdocs\codeigniteruserapi\system\Model.php(744): CodeIgniter\BaseModel->insert(Array, true)
#7 C:\xampp\htdocs\codeigniteruserapi\app\Controllers\UserController.php(49): CodeIgniter\Model->insert(Array)
#8 C:\xampp\htdocs\codeigniteruserapi\system\CodeIgniter.php(941): App\Controllers\UserController->createUser()
#9 C:\xampp\htdocs\codeigniteruserapi\system\CodeIgniter.php(502): CodeIgniter\CodeIgniter->runController(Object(App\Controllers\UserController))
#10 C:\xampp\htdocs\codeigniteruserapi\system\CodeIgniter.php(361): CodeIgniter\CodeIgniter->handleRequest(NULL, Object(Config\Cache), false)
#11 C:\xampp\htdocs\codeigniteruserapi\public\index.php(79): CodeIgniter\CodeIgniter->run()
#12 C:\xampp\htdocs\codeigniteruserapi\system\Commands\Server\rewrite.php(47): require_once('C:\\xampp\\htdocs...')
#13 {main}
CRITICAL - 2024-03-13 12:49:20 --> Error: Call to undefined method App\Controllers\UserController::respondServerError()
in APPPATH\Controllers\UserController.php on line 54.
 1 SYSTEMPATH\CodeIgniter.php(941): App\Controllers\UserController->createUser()
 2 SYSTEMPATH\CodeIgniter.php(502): CodeIgniter\CodeIgniter->runController(Object(App\Controllers\UserController))
 3 SYSTEMPATH\CodeIgniter.php(361): CodeIgniter\CodeIgniter->handleRequest(null, Object(Config\Cache), false)
 4 FCPATH\index.php(79): CodeIgniter\CodeIgniter->run()
 5 SYSTEMPATH\Commands\Server\rewrite.php(47): require_once('C:\\xampp\\htdocs\\codeigniteruserapi\\public\\index.php')
